2026-03-20 10:21:46 0 [Note] Starting MariaDB 10.4.32-MariaDB source revision c4143f909528e3fab0677a28631d10389354c491 as process 20408
2026-03-20 10:21:46 0 [Note] InnoDB: Mutexes and rw_locks use Windows interlocked functions
2026-03-20 10:21:46 0 [Note] InnoDB: Uses event mutexes
2026-03-20 10:21:46 0 [Note] InnoDB: Compressed tables use zlib 1.3
2026-03-20 10:21:46 0 [Note] InnoDB: Number of pools: 1
2026-03-20 10:21:46 0 [Note] InnoDB: Using SSE2 crc32 instructions
2026-03-20 10:21:46 0 [Note] InnoDB: Initializing buffer pool, total size = 16M, instances = 1, chunk size = 16M
2026-03-20 10:21:46 0 [Note] InnoDB: Completed initialization of buffer pool
2026-03-20 10:21:46 0 [Note] InnoDB: Setting log file C:\xampp\mysql\data\ib_logfile101 size to 5242880 bytes
2026-03-20 10:21:46 0 [Note] InnoDB: Setting log file C:\xampp\mysql\data\ib_logfile1 size to 5242880 bytes
2026-03-20 10:21:46 0 [Note] InnoDB: Renaming log file C:\xampp\mysql\data\ib_logfile101 to C:\xampp\mysql\data\ib_logfile0
2026-03-20 10:21:46 0 [Note] InnoDB: New log files created, LSN=662599
2026-03-20 10:21:47 0 [Note] InnoDB: 128 out of 128 rollback segments are active.
2026-03-20 10:21:47 0 [Note] InnoDB: Creating shared tablespace for temporary tables
2026-03-20 10:21:47 0 [Note] InnoDB: Setting file 'C:\xampp\mysql\data\ibtmp1' size to 12 MB. Physically writing the file full; Please wait ...
2026-03-20 10:21:47 0 [Note] InnoDB: File 'C:\xampp\mysql\data\ibtmp1' size is now 12 MB.
2026-03-20 10:21:47 0 [Note] InnoDB: Waiting for purge to start
2026-03-20 10:21:47 0 [Note] InnoDB: 10.4.32 started; log sequence number 663052; transaction id 4092
2026-03-20 10:21:47 0 [Note] InnoDB: Loading buffer pool(s) from C:\xampp\mysql\data\ib_buffer_pool
2026-03-20 10:21:47 0 [Note] Plugin 'FEEDBACK' is disabled.
2026-03-20 10:21:47 0 [Note] Server socket created on IP: '::'.
2026-03-20 10:25:57 0 [Note] Starting MariaDB 10.4.32-MariaDB source revision c4143f909528e3fab0677a28631d10389354c491 as process 21104
2026-03-20 10:25:58 0 [Note] InnoDB: Mutexes and rw_locks use Windows interlocked functions
2026-03-20 10:25:58 0 [Note] InnoDB: Uses event mutexes
2026-03-20 10:25:58 0 [Note] InnoDB: Compressed tables use zlib 1.3
2026-03-20 10:25:58 0 [Note] InnoDB: Number of pools: 1
2026-03-20 10:25:58 0 [Note] InnoDB: Using SSE2 crc32 instructions
2026-03-20 10:25:58 0 [Note] InnoDB: Initializing buffer pool, total size = 16M, instances = 1, chunk size = 16M
2026-03-20 10:25:58 0 [Note] InnoDB: Completed initialization of buffer pool
2026-03-20 10:25:58 0 [Note] InnoDB: Starting crash recovery from checkpoint LSN=663052
2026-03-20 10:25:58 0 [Note] InnoDB: Starting final batch to recover 2 pages from redo log.
2026-03-20 10:25:58 0 [Note] InnoDB: 128 out of 128 rollback segments are active.
2026-03-20 10:25:58 0 [Note] InnoDB: Removed temporary tablespace data file: "ibtmp1"
2026-03-20 10:25:58 0 [Note] InnoDB: Creating shared tablespace for temporary tables
2026-03-20 10:25:58 0 [Note] InnoDB: Setting file 'C:\xampp\mysql\data\ibtmp1' size to 12 MB. Physically writing the file full; Please wait ...
2026-03-20 10:25:58 0 [Note] InnoDB: File 'C:\xampp\mysql\data\ibtmp1' size is now 12 MB.
2026-03-20 10:25:58 0 [Note] InnoDB: Waiting for purge to start
2026-03-20 10:25:58 0 [Note] InnoDB: 10.4.32 started; log sequence number 664687; transaction id 4099
2026-03-20 10:25:58 0 [Note] InnoDB: Loading buffer pool(s) from C:\xampp\mysql\data\ib_buffer_pool
2026-03-20 10:25:58 0 [Note] Plugin 'FEEDBACK' is disabled.
2026-03-20 10:25:58 0 [Note] Server socket created on IP: '::'.
2026-03-20 10:25:58 0 [Note] InnoDB: Buffer pool(s) load c2026-03-20 14:32:04 0 [Note] Starting MariaDB 10.4.32-MariaDB source revision c4143f909528e3fab0677a28631d10389354c491 as process 20936
2026-03-20 14:32:04 0 [Note] InnoDB: Mutexes and rw_locks use Windows interlocked functions
2026-03-20 14:32:04 0 [Note] InnoDB: Uses event mutexes
2026-03-20 14:32:04 0 [Note] InnoDB: Compressed tables use zlib 1.3
2026-03-20 14:32:04 0 [Note] InnoDB: Number of pools: 1
2026-03-20 14:32:04 0 [Note] InnoDB: Using SSE2 crc32 instructions
2026-03-20 14:32:04 0 [Note] InnoDB: Initializing buffer pool, total size = 16M, instances = 1, chunk size = 16M
2026-03-20 14:32:04 0 [Note] InnoDB: Completed initialization of buffer pool
2026-03-20 14:32:04 0 [Note] InnoDB: Starting crash recovery from checkpoint LSN=699070
2026-03-20 14:32:05 0 [Note] InnoDB: 128 out of 128 rollback segments are active.
2026-03-20 14:32:05 0 [Note] InnoDB: Removed temporary tablespace data file: "ibtmp1"
2026-03-20 14:32:05 0 [Note] InnoDB: Creating shared tablespace for temporary tables
2026-03-20 14:32:05 0 [Note] InnoDB: Setting file 'C:\xampp\mysql\data\ibtmp1' size to 12 MB. Physically writing the file full; Please wait ...
2026-03-20 14:32:05 0 [Note] InnoDB: File 'C:\xampp\mysql\data\ibtmp1' size is now 12 MB.
2026-03-20 14:32:05 0 [Note] InnoDB: Waiting for purge to start
2026-03-20 14:32:05 0 [Note] InnoDB: 10.4.32 started; log sequence number 699079; transaction id 4231
2026-03-20 14:32:05 0 [Note] InnoDB: Loading buffer pool(s) from C:\xampp\mysql\data\ib_buffer_pool
2026-03-20 14:32:05 0 [Note] Plugin 'FEEDBACK' is disabled.
2026-03-20 14:32:05 0 [Note] InnoDB: Buffer pool(s) load completed at 260320 14:32:05
2026-03-20 14:32:05 0 [Note] Server socket created on IP: '::'.
2026-03-24 10:18:24 0 [Note] Starting MariaDB 10.4.32-MariaDB source revision c4143f909528e3fab0677a28631d10389354c491 as process 35476
2026-03-24 10:18:24 0 [Note] InnoDB: Mutexes and rw_locks use Windows interlocked functions
2026-03-24 10:18:24 0 [Note] InnoDB: Uses event mutexes
2026-03-24 10:18:24 0 [Note] InnoDB: Compressed tables use zlib 1.3
2026-03-24 10:18:24 0 [Note] InnoDB: Number of pools: 1
2026-03-24 10:18:24 0 [Note] InnoDB: Using SSE2 crc32 instructions
2026-03-24 10:18:24 0 [Note] InnoDB: Initializing buffer pool, total size = 16M, instances = 1, chunk size = 16M
2026-03-24 10:18:24 0 [Note] InnoDB: Completed initialization of buffer pool
2026-03-24 10:18:24 0 [Note] InnoDB: Starting crash recovery from checkpoint LSN=700439
2026-03-24 10:18:24 0 [Note] InnoDB: 128 out of 128 rollback segments are active.
2026-03-24 10:18:24 0 [Note] InnoDB: Removed temporary tablespace data file: "ibtmp1"
2026-03-24 10:18:24 0 [Note] InnoDB: Creating shared tablespace for temporary tables
2026-03-24 10:18:24 0 [Note] InnoDB: Setting file 'C:\xampp\mysql\data\ibtmp1' size to 12 MB. Physically writing the file full; Please wait ...
2026-03-24 10:18:24 0 [Note] InnoDB: File 'C:\xampp\mysql\data\ibtmp1' size is now 12 MB.
2026-03-24 10:18:24 0 [Note] InnoDB: Waiting for purge to start
2026-03-24 10:18:24 0 [Note] InnoDB: 10.4.32 started; log sequence number 700448; transaction id 4354
2026-03-24 10:18:24 0 [Note] InnoDB: Loading buffer pool(s) from C:\xampp\mysql\data\ib_buffer_pool
2026-03-24 10:18:24 0 [Note] Plugin 'FEEDBACK' is disabled.
2026-03-24 10:18:24 0 [Note] InnoDB: Buffer pool(s) load completed at 260324 10:18:24
2026-03-24 10:18:24 0 [Note] Server socket created on IP: '::'.
2026-03-24 10:19:37 0 [Note] Starting MariaDB 10.4.32-MariaDB source revision c4143f909528e3fab0677a28631d10389354c491 as process 32500
2026-03-24 10:19:37 0 [Note] InnoDB: Mutexes and rw_locks use Windows interlocked functions
2026-03-24 10:19:37 0 [Note] InnoDB: Uses event mutexes
2026-03-24 10:19:37 0 [Note] InnoDB: Compressed tables use zlib 1.3
2026-03-24 10:19:37 0 [Note] InnoDB: Number of pools: 1
2026-03-24 10:19:37 0 [Note] InnoDB: Using SSE2 crc32 instructions
2026-03-24 10:19:37 0 [Note] InnoDB: Initializing buffer pool, total size = 16M, instances = 1, chunk size = 16M
2026-03-24 10:19:37 0 [Note] InnoDB: Completed initialization of buffer pool
2026-03-24 10:19:37 0 [Note] InnoDB: Starting crash recovery from checkpoint LSN=763246
2026-03-24 10:19:37 0 [Note] InnoDB: Starting final batch to recover 17 pages from redo log.
2026-03-24 10:19:38 0 [Note] InnoDB: 128 out of 128 rollback segments are active.
2026-03-24 10:19:38 0 [Note] InnoDB: Removed temporary tablespace data file: "ibtmp1"
2026-03-24 10:19:38 0 [Note] InnoDB: Creating shared tablespace for temporary tables
2026-03-24 10:19:38 0 [Note] InnoDB: Setting file 'C:\xampp\mysql\data\ibtmp1' size to 12 MB. Physically writing the file full; Please wait ...
2026-03-24 10:19:38 0 [Note] InnoDB: File 'C:\xampp\mysql\data\ibtmp1' size is now 12 MB.
2026-03-24 10:19:38 0 [Note] InnoDB: Waiting for purge to start
2026-03-24 10:19:38 0 [Note] InnoDB: 10.4.32 started; log sequence number 771108; transaction id 4465
2026-03-24 10:19:38 0 [Note] InnoDB: Loading buffer pool(s) from C:\xampp\mysql\data\ib_buffer_pool
2026-03-24 10:19:38 0 [Note] Plugin 'FEEDBACK' is disabled.
2026-03-24 10:19:38 0 [Note] Server socket created on IP: '::'.
2026-03-24 10:21:33 0 [Note] Starting MariaDB 10.4.32-MariaDB source revision c4143f909528e3fab0677a28631d10389354c491 as process 2980
2026-03-24 10:21:33 0 [Note] InnoDB: Mutexes and rw_locks use Windows interlocked functions
2026-03-24 10:21:33 0 [Note] InnoDB: Uses event mutexes
2026-03-24 10:21:33 0 [Note] InnoDB: Compressed tables use zlib 1.3
2026-03-24 10:21:33 0 [Note] InnoDB: Number of pools: 1
2026-03-24 10:21:33 0 [Note] InnoDB: Using SSE2 crc32 instructions
2026-03-24 10:21:33 0 [Note] InnoDB: Initializing buffer pool, total size = 16M, instances = 1, chunk size = 16M
2026-03-24 10:21:33 0 [Note] InnoDB: Completed initialization of buffer pool
2026-03-24 10:21:33 0 [Note] InnoDB: Starting crash recovery from checkpoint LSN=763246
2026-03-24 10:21:33 0 [Note] InnoDB: Starting final batch to recover 17 pages from redo log.
2026-03-24 10:21:34 0 [Note] InnoDB: 128 out of 128 rollback segments are active.
2026-03-24 10:21:34 0 [Note] InnoDB: Removed temporary tablespace data file: "ibtmp1"
2026-03-24 10:21:34 0 [Note] InnoDB: Creating shared tablespace for temporary tables
2026-03-24 10:21:34 0 [Note] InnoDB: Setting file 'C:\xampp\mysql\data\ibtmp1' size to 12 MB. Physically writing the file full; Please wait ...
2026-03-24 10:21:34 0 [Note] InnoDB: File 'C:\xampp\mysql\data\ibtmp1' size is now 12 MB.
2026-03-24 10:21:34 0 [Note] InnoDB: Waiting for purge to start
2026-03-24 10:21:34 0 [Note] InnoDB: 10.4.32 started; log sequence number 771117; transaction id 4465
2026-03-24 10:21:34 0 [Note] InnoDB: Loading buffer pool(s) from C:\xampp\mysql\data\ib_buffer_pool
2026-03-24 10:21:34 0 [Note] Plugin 'FEEDBACK' is disabled.
2026-03-24 10:21:34 0 [Note] Server socket created on IP: '::'.
2026-03-24 10:31:39 0 [Note] Starting MariaDB 10.4.32-MariaDB source revision c4143f909528e3fab0677a28631d10389354c491 as process 18692
Cannot find checkpoint record at LSN (1,0x5556)
2026-03-24 10:31:39 0 [ERROR] mysqld.exe: Aria recovery failed. Please run aria_chk -r on all Aria tables and delete all aria_log.######## files
2026-03-24 10:31:39 0 [ERROR] Plugin 'Aria' registration as a STORAGE ENGINE failed.
2026-03-24 10:31:39 0 [Note] InnoDB: Mutexes and rw_locks use Windows interlocked functions
2026-03-24 10:31:39 0 [Note] InnoDB: Uses event mutexes
2026-03-24 10:31:39 0 [Note] InnoDB: Compressed tables use zlib 1.3
2026-03-24 10:31:39 0 [Note] InnoDB: Number of pools: 1
2026-03-24 10:31:39 0 [Note] InnoDB: Using SSE2 crc32 instructions
2026-03-24 10:31:39 0 [Note] InnoDB: Initializing buffer pool, total size = 16M, instances = 1, chunk size = 16M
2026-03-24 10:31:39 0 [Note] InnoDB: Completed initialization of buffer pool
2026-03-24 10:31:39 0 [Note] InnoDB: Starting crash recovery from checkpoint LSN=1066430
2026-03-24 10:31:39 0 [Note] InnoDB: 128 out of 128 rollback segments are active.
2026-03-24 10:31:39 0 [Note] InnoDB: Removed temporary tablespace data file: "ibtmp1"
2026-03-24 10:31:39 0 [Note] InnoDB: Creating shared tablespace for temporary tables
2026-03-24 10:31:39 0 [Note] InnoDB: Setting file 'C:\xampp\mysql\data\ibtmp1' size to 12 MB. Physically writing the file full; Please wait ...
2026-03-24 10:31:39 0 [Note] InnoDB: File 'C:\xampp\mysql\data\ibtmp1' size is now 12 MB.
2026-03-24 10:31:39 0 [Note] InnoDB: Waiting for purge to start
2026-03-24 10:31:39 0 [Note] InnoDB: 10.4.32 started; log sequence number 1066439; transaction id 4914
2026-03-24 10:31:39 0 [Note] InnoDB: Loading buffer pool(s) from C:\xampp\mysql\data\ib_buffer_pool
2026-03-24 10:31:39 0 [Note] Plugin 'FEEDBACK' is disabled.
2026-03-24 10:31:39 0 [ERROR] Could not open mysql.plugin table. Some plugins may be not loaded
2026-03-24 10:31:39 0 [ERROR] Failed to initialize plugins.
2026-03-24 10:31:39 0 [ERROR] Aborting
2026-03-24 10:31:43 0 [Note] Starting MariaDB 10.4.32-MariaDB source revision c4143f909528e3fab0677a28631d10389354c491 as process 6656
Cannot find checkpoint record at LSN (1,0x5556)
2026-03-24 10:31:43 0 [ERROR] mysqld.exe: Aria recovery failed. Please run aria_chk -r on all Aria tables and delete all aria_log.######## files
2026-03-24 10:31:43 0 [ERROR] Plugin 'Aria' registration as a STORAGE ENGINE failed.
2026-03-24 10:31:43 0 [Note] InnoDB: Mutexes and rw_locks use Windows interlocked functions
2026-03-24 10:31:43 0 [Note] InnoDB: Uses event mutexes
2026-03-24 10:31:43 0 [Note] InnoDB: Compressed tables use zlib 1.3
2026-03-24 10:31:43 0 [Note] InnoDB: Number of pools: 1
2026-03-24 10:31:43 0 [Note] InnoDB: Using SSE2 crc32 instructions
2026-03-24 10:31:43 0 [Note] InnoDB: Initializing buffer pool, total size = 16M, instances = 1, chunk size = 16M
2026-03-24 10:31:43 0 [Note] InnoDB: Completed initialization of buffer pool
2026-03-24 10:31:43 0 [Note] InnoDB: 128 out of 128 rollback segments are active.
2026-03-24 10:31:43 0 [Note] InnoDB: Creating shared tablespace for temporary tables
2026-03-24 10:31:43 0 [Note] InnoDB: Setting file 'C:\xampp\mysql\data\ibtmp1' size to 12 MB. Physically writing the file full; Please wait ...
2026-03-24 10:31:43 0 [Note] InnoDB: File 'C:\xampp\mysql\data\ibtmp1' size is now 12 MB.
2026-03-24 10:31:43 0 [Note] InnoDB: Waiting for purge to start
2026-03-24 10:31:43 0 [Note] InnoDB: 10.4.32 started; log sequence number 1066448; transaction id 4914
2026-03-24 10:31:43 0 [Note] InnoDB: Loading buffer pool(s) from C:\xampp\mysql\data\ib_buffer_pool
2026-03-24 10:31:43 0 [Note] Plugin 'FEEDBACK' is disabled.
2026-03-24 10:31:43 0 [ERROR] Could not open mysql.plugin table. Some plugins may be not loaded
2026-03-24 10:31:43 0 [ERROR] Failed to initialize plugins.
2026-03-24 10:31:43 0 [ERROR] Aborting
2026-03-24 10:40:25 0 [Note] Starting MariaDB 10.4.32-MariaDB source revision c4143f909528e3fab0677a28631d10389354c491 as process 5308
Cannot find checkpoint record at LSN (1,0x5556)
2026-03-24 10:40:25 0 [ERROR] mysqld.exe: Aria recovery failed. Please run aria_chk -r on all Aria tables and delete all aria_log.######## files
2026-03-24 10:40:25 0 [ERROR] Plugin 'Aria' registration as a STORAGE ENGINE failed.
2026-03-24 10:40:25 0 [Note] InnoDB: Mutexes and rw_locks use Windows interlocked functions
2026-03-24 10:40:25 0 [Note] InnoDB: Uses event mutexes
2026-03-24 10:40:25 0 [Note] InnoDB: Compressed tables use zlib 1.3
2026-03-24 10:40:25 0 [Note] InnoDB: Number of pools: 1
2026-03-24 10:40:25 0 [Note] InnoDB: Using SSE2 crc32 instructions
2026-03-24 10:40:25 0 [Note] InnoDB: Initializing buffer pool, total size = 16M, instances = 1, chunk size = 16M
2026-03-24 10:40:25 0 [Note] InnoDB: Completed initialization of buffer pool
2026-03-24 10:40:26 0 [Note] InnoDB: 128 out of 128 rollback segments are active.
2026-03-24 10:40:26 0 [Note] InnoDB: Creating shared tablespace for temporary tables
2026-03-24 10:40:26 0 [Note] InnoDB: Setting file 'C:\xampp\mysql\data\ibtmp1' size to 12 MB. Physically writing the file full; Please wait ...
2026-03-24 10:40:26 0 [Note] InnoDB: File 'C:\xampp\mysql\data\ibtmp1' size is now 12 MB.
2026-03-24 10:40:26 0 [Note] InnoDB: Waiting for purge to start
2026-03-24 10:40:26 0 [Note] InnoDB: 10.4.32 started; log sequence number 1066457; transaction id 4914
2026-03-24 10:40:26 0 [Note] InnoDB: Loading buffer pool(s) from C:\xampp\mysql\data\ib_buffer_pool
2026-03-24 10:40:26 0 [Note] Plugin 'FEEDBACK' is disabled.
2026-03-24 10:40:26 0 [ERROR] Could not open mysql.plugin table. Some plugins may be not loaded
2026-03-24 10:40:26 0 [ERROR] Failed to initialize plugins.
2026-03-24 10:40:26 0 [ERROR] Aborting
2026-03-24 10:40:28 0 [Note] Starting MariaDB 10.4.32-MariaDB source revision c4143f909528e3fab0677a28631d10389354c491 as process 9760
Cannot find checkpoint record at LSN (1,0x5556)
2026-03-24 10:40:28 0 [ERROR] mysqld.exe: Aria recovery failed. Please run aria_chk -r on all Aria tables and delete all aria_log.######## files
2026-03-24 10:40:28 0 [ERROR] Plugin 'Aria' registration as a STORAGE ENGINE failed.
2026-03-24 10:40:28 0 [Note] InnoDB: Mutexes and rw_locks use Windows interlocked functions
2026-03-24 10:40:28 0 [Note] InnoDB: Uses event mutexes
2026-03-24 10:40:28 0 [Note] InnoDB: Compressed tables use zlib 1.3
2026-03-24 10:40:28 0 [Note] InnoDB: Number of pools: 1
2026-03-24 10:40:28 0 [Note] InnoDB: Using SSE2 crc32 instructions
2026-03-24 10:40:28 0 [Note] InnoDB: Initializing buffer pool, total size = 16M, instances = 1, chunk size = 16M
2026-03-24 10:40:28 0 [Note] InnoDB: Completed initialization of buffer pool
2026-03-24 10:40:28 0 [Note] InnoDB: 128 out of 128 rollback segments are active.
2026-03-24 10:40:28 0 [Note] InnoDB: Creating shared tablespace for temporary tables
2026-03-24 10:40:28 0 [Note] InnoDB: Setting file 'C:\xampp\mysql\data\ibtmp1' size to 12 MB. Physically writing the file full; Please wait ...
2026-03-24 10:40:28 0 [Note] InnoDB: File 'C:\xampp\mysql\data\ibtmp1' size is now 12 MB.
2026-03-24 10:40:28 0 [Note] InnoDB: Waiting for purge to start
2026-03-24 10:40:28 0 [Note] InnoDB: 10.4.32 started; log sequence number 1066466; transaction id 4914
2026-03-24 10:40:28 0 [Note] InnoDB: Loading buffer pool(s) from C:\xampp\mysql\data\ib_buffer_pool
2026-03-24 10:40:28 0 [Note] Plugin 'FEEDBACK' is disabled.
2026-03-24 10:40:28 0 [Note] InnoDB: Buffer pool(s) load completed at 260324 10:40:28
2026-03-24 10:40:28 0 [ERROR] Could not open mysql.plugin table. Some plugins may be not loaded
2026-03-24 10:40:28 0 [ERROR] Failed to initialize plugins.
2026-03-24 10:40:28 0 [ERROR] Aborting
